<?xml version="1.0" encoding="UTF-8"?>
<!-- Generated by org.testng.reporters.JUnitReportReporter -->
<testsuite hostname="Anithas-MBP.gateway" failures="0" tests="1" name="restGitHub.CreateRepo" time="2.608" errors="0" timestamp="2022-12-10T13:31:59 AEST" skipped="0">
  <testcase classname="restGitHub.CreateRepo" name="test1" time="2.608"/>
  <system-out/>
</testsuite> <!-- restGitHub.CreateRepo -->
