<?xml version="1.0" encoding="UTF-8"?>
<!-- Generated by org.testng.reporters.JUnitReportReporter -->
<testsuite hostname="Anithas-MBP.gateway" failures="0" tests="1" name="restApi.XMLExample" time="6.166" errors="0" timestamp="2022-12-10T12:26:08 AEST" skipped="0">
  <testcase classname="restApi.XMLExample" name="Test1" time="6.166"/>
  <system-out/>
</testsuite> <!-- restApi.XMLExample -->
