<?xml version="1.0" encoding="UTF-8"?>
<!-- Generated by org.testng.reporters.JUnitReportReporter -->
<testsuite hostname="Anithas-MBP.gateway" failures="0" tests="1" name="restApi.DeleteRequest" time="2.128" errors="0" timestamp="2022-12-10T15:59:18 AEST" skipped="0">
  <testcase classname="restApi.DeleteRequest" name="test1" time="2.128"/>
  <system-out/>
</testsuite> <!-- restApi.DeleteRequest -->
