<?xml version="1.0" encoding="UTF-8"?>
<!-- Generated by org.testng.reporters.JUnitReportReporter -->
<testsuite hostname="Anithas-MBP.gateway" failures="0" tests="1" name="restApi.PostRequestWithMap" time="2.356" errors="0" timestamp="2022-12-03T17:16:35 AEST" skipped="0">
  <testcase classname="restApi.PostRequestWithMap" name="testCreateEmployee" time="2.356"/>
  <system-out/>
</testsuite> <!-- restApi.PostRequestWithMap -->
