<?xml version="1.0" encoding="UTF-8"?>
<!-- Generated by org.testng.reporters.JUnitReportReporter -->
<testsuite hostname="Anithas-MBP.gateway" failures="0" tests="1" name="restApi.GetRequestWithParam" time="1.547" errors="0" timestamp="2022-12-03T17:10:53 AEST" skipped="0">
  <testcase classname="restApi.GetRequestWithParam" name="testToPrintURI" time="1.547"/>
  <system-out/>
</testsuite> <!-- restApi.GetRequestWithParam -->
