<?xml version="1.0" encoding="UTF-8"?>
<!-- Generated by org.testng.reporters.JUnitReportReporter -->
<testsuite hostname="Anithas-MBP.gateway" failures="0" tests="1" name="restApi.GetRequest" time="2.354" errors="0" timestamp="2022-12-03T17:03:32 AEST" skipped="0">
  <testcase classname="restApi.GetRequest" name="testGetEmployee" time="2.354"/>
  <system-out/>
</testsuite> <!-- restApi.GetRequest -->
