<?xml version="1.0" encoding="UTF-8"?>
<!-- Generated by org.testng.reporters.JUnitReportReporter -->
<testsuite hostname="Anithas-MBP.gateway" failures="0" tests="1" name="restApi.PutRequest" time="3.623" errors="0" timestamp="2022-12-10T12:19:16 AEST" skipped="0">
  <testcase classname="restApi.PutRequest" name="test1" time="3.623"/>
  <system-out/>
</testsuite> <!-- restApi.PutRequest -->
