<?xml version="1.0" encoding="UTF-8"?>
<!-- Generated by org.testng.reporters.JUnitReportReporter -->
<testsuite hostname="Anithas-MBP.gateway" failures="0" tests="1" name="restApi.PostRequest" time="2.124" errors="0" timestamp="2022-12-03T17:06:53 AEST" skipped="0">
  <testcase classname="restApi.PostRequest" name="testPostRequest" time="2.124"/>
  <system-out/>
</testsuite> <!-- restApi.PostRequest -->
