<?xml version="1.0" encoding="UTF-8"?>
<!-- Generated by org.testng.reporters.JUnitReportReporter -->
<testsuite hostname="Anithas-MBP.gateway" failures="0" tests="1" name="restApi.PostRequestWithFile" time="3.130" errors="0" timestamp="2022-12-06T15:41:42 AEST" skipped="0">
  <testcase classname="restApi.PostRequestWithFile" name="testCreateEmployee" time="3.130"/>
  <system-out/>
</testsuite> <!-- restApi.PostRequestWithFile -->
